This is pdfTeX, Version 3.14159265-2.6-1.40.21 (MiKTeX 20.6.29) (preloaded format=pdflatex 2020.10.2)  3 DEC 2020 23:37
entering extended mode
**./javadoc.tex
(javadoc.tex
LaTeX2e <2020-02-02> patch level 5
L3 programming layer <2020-06-18>
(C:\Users\Adam\AppData\Local\Programs\MiKTeX\tex/latex/base\report.cls
Document Class: report 2019/12/20 v1.4l Standard LaTeX document class
(C:\Users\Adam\AppData\Local\Programs\MiKTeX\tex/latex/base\size11.clo
File: size11.clo 2019/12/20 v1.4l Standard LaTeX file (size option)
)
\c@part=\count167
\c@chapter=\count168
\c@section=\count169
\c@subsection=\count170
\c@subsubsection=\count171
\c@paragraph=\count172
\c@subparagraph=\count173
\c@figure=\count174
\c@table=\count175
\abovecaptionskip=\skip47
\belowcaptionskip=\skip48
\bibindent=\dimen134
)
(C:\Users\Adam\AppData\Local\Programs\MiKTeX\tex/latex/graphics\color.sty
Package: color 2019/11/23 v1.2a Standard LaTeX Color (DPC)

(C:\Users\Adam\AppData\Local\Programs\MiKTeX\tex/latex/graphics-cfg\color.cfg
File: color.cfg 2016/01/02 v1.6 sample color configuration
)
Package color Info: Driver file: pdftex.def on input line 147.

(C:\Users\Adam\AppData\Local\Programs\MiKTeX\tex/latex/graphics-def\pdftex.def
File: pdftex.def 2018/01/08 v1.0l Graphics/color driver for pdftex
)) (C:\Users\Adam\AppData\Local\Programs\MiKTeX\tex/latex/base\ifthen.sty
Package: ifthen 2014/09/29 v1.1c Standard LaTeX ifthen package (DPC)
)
(C:\Users\Adam\AppData\Local\Programs\MiKTeX\tex/generic/iftex\ifpdf.sty
Package: ifpdf 2019/10/25 v3.4 ifpdf legacy package. Use iftex instead.

(C:\Users\Adam\AppData\Local\Programs\MiKTeX\tex/generic/iftex\iftex.sty
Package: iftex 2020/03/06 v1.0d TeX engine tests
))
(C:\Users\Adam\AppData\Local\Programs\MiKTeX\tex/latex/preprint\fullpage.sty
Package: fullpage 1999/02/23 1.1 (PWD)
\FP@margin=\skip49
)
(C:\Users\Adam\AppData\Local\Programs\MiKTeX\tex/latex/listings\listings.sty
(C:\Users\Adam\AppData\Local\Programs\MiKTeX\tex/latex/graphics\keyval.sty
Package: keyval 2014/10/28 v1.15 key=value parser (DPC)
\KV@toks@=\toks15
)
\lst@mode=\count176
\lst@gtempboxa=\box45
\lst@token=\toks16
\lst@length=\count177
\lst@currlwidth=\dimen135
\lst@column=\count178
\lst@pos=\count179
\lst@lostspace=\dimen136
\lst@width=\dimen137
\lst@newlines=\count180
\lst@lineno=\count181
\lst@maxwidth=\dimen138

(C:\Users\Adam\AppData\Local\Programs\MiKTeX\tex/latex/listings\lstmisc.sty
File: lstmisc.sty 2020/03/24 1.8d (Carsten Heinz)
\c@lstnumber=\count182
\lst@skipnumbers=\count183
\lst@framebox=\box46
)
(C:\Users\Adam\AppData\Local\Programs\MiKTeX\tex/latex/listings\listings.cfg
File: listings.cfg 2020/03/24 1.8d listings configuration
))
Package: listings 2020/03/24 1.8d (Carsten Heinz)

(C:\Users\Adam\AppData\Local\Programs\MiKTeX\tex/latex/listings\lstlang1.sty
File: lstlang1.sty 2020/03/24 1.8d listings language file
)
(C:\Users\Adam\AppData\Local\Programs\MiKTeX\tex/latex/hyperref\hyperref.sty
Package: hyperref 2020-05-15 v7.00e Hypertext links for LaTeX

(C:\Users\Adam\AppData\Local\Programs\MiKTeX\tex/generic/ltxcmds\ltxcmds.sty
Package: ltxcmds 2019/12/15 v1.24 LaTeX kernel commands for general use (HO)
)
(C:\Users\Adam\AppData\Local\Programs\MiKTeX\tex/generic/pdftexcmds\pdftexcmds.
sty
Package: pdftexcmds 2020-06-27 v0.33 Utility functions of pdfTeX for LuaTeX (HO
)

(C:\Users\Adam\AppData\Local\Programs\MiKTeX\tex/generic/infwarerr\infwarerr.st
y
Package: infwarerr 2019/12/03 v1.5 Providing info/warning/error messages (HO)
)
Package pdftexcmds Info: \pdf@primitive is available.
Package pdftexcmds Info: \pdf@ifprimitive is available.
Package pdftexcmds Info: \pdfdraftmode found.
)
(C:\Users\Adam\AppData\Local\Programs\MiKTeX\tex/generic/kvsetkeys\kvsetkeys.st
y
Package: kvsetkeys 2019/12/15 v1.18 Key value parser (HO)
)
(C:\Users\Adam\AppData\Local\Programs\MiKTeX\tex/generic/kvdefinekeys\kvdefinek
eys.sty
Package: kvdefinekeys 2019-12-19 v1.6 Define keys (HO)
)
(C:\Users\Adam\AppData\Local\Programs\MiKTeX\tex/generic/pdfescape\pdfescape.st
y
Package: pdfescape 2019/12/09 v1.15 Implements pdfTeX's escape features (HO)
) (C:\Users\Adam\AppData\Local\Programs\MiKTeX\tex/latex/hycolor\hycolor.sty
Package: hycolor 2020-01-27 v1.10 Color options for hyperref/bookmark (HO)
)
(C:\Users\Adam\AppData\Local\Programs\MiKTeX\tex/latex/letltxmacro\letltxmacro.
sty
Package: letltxmacro 2019/12/03 v1.6 Let assignment for LaTeX macros (HO)
) (C:\Users\Adam\AppData\Local\Programs\MiKTeX\tex/latex/auxhook\auxhook.sty
Package: auxhook 2019-12-17 v1.6 Hooks for auxiliary files (HO)
)
(C:\Users\Adam\AppData\Local\Programs\MiKTeX\tex/latex/kvoptions\kvoptions.sty
Package: kvoptions 2019/11/29 v3.13 Key value format for package options (HO)
)
\@linkdim=\dimen139
\Hy@linkcounter=\count184
\Hy@pagecounter=\count185
(C:\Users\Adam\AppData\Local\Programs\MiKTeX\tex/latex/hyperref\pd1enc.def
File: pd1enc.def 2020-05-15 v7.00e Hyperref: PDFDocEncoding definition (HO)
Now handling font encoding PD1 ...
... no UTF-8 mapping file for font encoding PD1
)
(C:\Users\Adam\AppData\Local\Programs\MiKTeX\tex/generic/intcalc\intcalc.sty
Package: intcalc 2019/12/15 v1.3 Expandable calculations with integers (HO)
)
(C:\Users\Adam\AppData\Local\Programs\MiKTeX\tex/generic/etexcmds\etexcmds.sty
Package: etexcmds 2019/12/15 v1.7 Avoid name clashes with e-TeX commands (HO)
)
\Hy@SavedSpaceFactor=\count186
Package hyperref Info: Option `bookmarks' set `true' on input line 4338.
Package hyperref Info: Option `colorlinks' set `true' on input line 4338.
Package hyperref Info: Option `plainpages' set `false' on input line 4338.
Package hyperref Info: Option `pdfpagelabels' set `true' on input line 4338.
Package hyperref Info: Option `breaklinks' set `true' on input line 4338.
Package hyperref Info: Hyper figures OFF on input line 4464.
Package hyperref Info: Link nesting OFF on input line 4469.
Package hyperref Info: Hyper index ON on input line 4472.
Package hyperref Info: Plain pages OFF on input line 4479.
Package hyperref Info: Backreferencing OFF on input line 4484.
Package hyperref Info: Implicit mode ON; LaTeX internals redefined.
Package hyperref Info: Bookmarks ON on input line 4717.
\c@Hy@tempcnt=\count187
(C:\Users\Adam\AppData\Local\Programs\MiKTeX\tex/latex/url\url.sty
\Urlmuskip=\muskip16
Package: url 2013/09/16  ver 3.4  Verb mode for urls, etc.
)
LaTeX Info: Redefining \url on input line 5076.
\XeTeXLinkMargin=\dimen140

(C:\Users\Adam\AppData\Local\Programs\MiKTeX\tex/generic/bitset\bitset.sty
Package: bitset 2019/12/09 v1.3 Handle bit-vector datatype (HO)

(C:\Users\Adam\AppData\Local\Programs\MiKTeX\tex/generic/bigintcalc\bigintcalc.
sty
Package: bigintcalc 2019/12/15 v1.5 Expandable calculations on big integers (HO
)
))
\Fld@menulength=\count188
\Field@Width=\dimen141
\Fld@charsize=\dimen142
Package hyperref Info: Hyper figures OFF on input line 6347.
Package hyperref Info: Link nesting OFF on input line 6352.
Package hyperref Info: Hyper index ON on input line 6355.
Package hyperref Info: backreferencing OFF on input line 6362.
Package hyperref Info: Link coloring ON on input line 6365.
Package hyperref Info: Link coloring with OCG OFF on input line 6372.
Package hyperref Info: PDF/A mode OFF on input line 6377.
LaTeX Info: Redefining \ref on input line 6417.
LaTeX Info: Redefining \pageref on input line 6421.

(C:\Users\Adam\AppData\Local\Programs\MiKTeX\tex/generic/atbegshi\atbegshi.sty
Package: atbegshi 2019/12/05 v1.19 At begin shipout hook (HO)
)
\Hy@abspage=\count189
\c@Item=\count190
\c@Hfootnote=\count191
)
Package hyperref Info: Driver: hpdftex.
 (C:\Users\Adam\AppData\Local\Programs\MiKTeX\tex/latex/hyperref\hpdftex.def
File: hpdftex.def 2020-05-15 v7.00e Hyperref driver for pdfTeX

(C:\Users\Adam\AppData\Local\Programs\MiKTeX\tex/latex/atveryend\atveryend.sty
Package: atveryend 2019-12-11 v1.11 Hooks at the very end of document (HO)
Package atveryend Info: \enddocument detected (standard20110627).
)
\Fld@listcount=\count192
\c@bookmark@seq@number=\count193

(C:\Users\Adam\AppData\Local\Programs\MiKTeX\tex/latex/rerunfilecheck\rerunfile
check.sty
Package: rerunfilecheck 2019/12/05 v1.9 Rerun checks for auxiliary files (HO)

(C:\Users\Adam\AppData\Local\Programs\MiKTeX\tex/generic/uniquecounter\uniqueco
unter.sty
Package: uniquecounter 2019/12/15 v1.4 Provide unlimited unique counter (HO)
)
Package uniquecounter Info: New unique counter `rerunfilecheck' on input line 2
86.
)
\Hy@SectionHShift=\skip50
)
(C:\Users\Adam\AppData\Local\Programs\MiKTeX\tex/latex/graphics\graphicx.sty
Package: graphicx 2019/11/30 v1.2a Enhanced LaTeX Graphics (DPC,SPQR)

(C:\Users\Adam\AppData\Local\Programs\MiKTeX\tex/latex/graphics\graphics.sty
Package: graphics 2019/11/30 v1.4a Standard LaTeX Graphics (DPC,SPQR)

(C:\Users\Adam\AppData\Local\Programs\MiKTeX\tex/latex/graphics\trig.sty
Package: trig 2016/01/03 v1.10 sin cos tan (DPC)
)
(C:\Users\Adam\AppData\Local\Programs\MiKTeX\tex/latex/graphics-cfg\graphics.cf
g
File: graphics.cfg 2016/06/04 v1.11 sample graphics configuration
)
Package graphics Info: Driver file: pdftex.def on input line 105.
)
\Gin@req@height=\dimen143
\Gin@req@width=\dimen144
)
(C:\Users\Adam\AppData\Local\Programs\MiKTeX\tex/latex/l3backend\l3backend-pdfm
ode.def
File: l3backend-pdfmode.def 2020-06-29 L3 backend support: PDF mode
\l__kernel_color_stack_int=\count194
\l__pdf_internal_box=\box47
) (javadoc.aux)
\openout1 = `javadoc.aux'.

LaTeX Font Info:    Checking defaults for OML/cmm/m/it on input line 41.
LaTeX Font Info:    ... okay on input line 41.
LaTeX Font Info:    Checking defaults for OMS/cmsy/m/n on input line 41.
LaTeX Font Info:    ... okay on input line 41.
LaTeX Font Info:    Checking defaults for OT1/cmr/m/n on input line 41.
LaTeX Font Info:    ... okay on input line 41.
LaTeX Font Info:    Checking defaults for T1/cmr/m/n on input line 41.
LaTeX Font Info:    ... okay on input line 41.
LaTeX Font Info:    Checking defaults for TS1/cmr/m/n on input line 41.
LaTeX Font Info:    ... okay on input line 41.
LaTeX Font Info:    Checking defaults for OMX/cmex/m/n on input line 41.
LaTeX Font Info:    ... okay on input line 41.
LaTeX Font Info:    Checking defaults for U/cmr/m/n on input line 41.
LaTeX Font Info:    ... okay on input line 41.
LaTeX Font Info:    Checking defaults for PD1/pdf/m/n on input line 41.
LaTeX Font Info:    ... okay on input line 41.

(C:\Users\Adam\AppData\Local\Programs\MiKTeX\tex/context/base/mkii\supp-pdf.mki
i
[Loading MPS to PDF converter (version 2006.09.02).]
\scratchcounter=\count195
\scratchdimen=\dimen145
\scratchbox=\box48
\nofMPsegments=\count196
\nofMParguments=\count197
\everyMPshowfont=\toks17
\MPscratchCnt=\count198
\MPscratchDim=\dimen146
\MPnumerator=\count199
\makeMPintoPDFobject=\count266
\everyMPtoPDFconversion=\toks18
)
(C:\Users\Adam\AppData\Local\Programs\MiKTeX\tex/latex/epstopdf-pkg\epstopdf-ba
se.sty
Package: epstopdf-base 2020-01-24 v2.11 Base part for package epstopdf
 (C:\Users\Adam\AppData\Local\Programs\MiKTeX\tex/latex/grfext\grfext.sty
Package: grfext 2019/12/03 v1.3 Manage graphics extensions (HO)
)
Package epstopdf-base Info: Redefining graphics rule for `.eps' on input line 4
85.
Package grfext Info: Graphics extension search list:
(grfext)             [.pdf,.png,.jpg,.mps,.jpeg,.jbig2,.jb2,.PDF,.PNG,.JPG,.JPE
G,.JBIG2,.JB2,.eps]
(grfext)             \AppendGraphicsExtensions on input line 504.
)
\c@lstlisting=\count267
\AtBeginShipoutBox=\box49
Package hyperref Info: Link coloring ON on input line 41.
 (C:\Users\Adam\AppData\Local\Programs\MiKTeX\tex/latex/hyperref\nameref.sty
Package: nameref 2019/09/16 v2.46 Cross-referencing by name of section

(C:\Users\Adam\AppData\Local\Programs\MiKTeX\tex/latex/refcount\refcount.sty
Package: refcount 2019/12/15 v3.6 Data extraction from label references (HO)
)
(C:\Users\Adam\AppData\Local\Programs\MiKTeX\tex/generic/gettitlestring\gettitl
estring.sty
Package: gettitlestring 2019/12/15 v1.6 Cleanup title references (HO)
)
\c@section@level=\count268
)
LaTeX Info: Redefining \ref on input line 41.
LaTeX Info: Redefining \pageref on input line 41.
LaTeX Info: Redefining \nameref on input line 41.
 (javadoc.out) (javadoc.out)
\@outlinefile=\write3
\openout3 = `javadoc.out'.

LaTeX Font Info:    External font `cmex10' loaded for size
(Font)              <12> on input line 43.
LaTeX Font Info:    External font `cmex10' loaded for size
(Font)              <8> on input line 43.
LaTeX Font Info:    External font `cmex10' loaded for size
(Font)              <6> on input line 43.
 [1

{C:/Users/Adam/AppData/Local/MiKTeX/pdftex/config/pdftex.map}] (javadoc.toc
LaTeX Font Info:    External font `cmex10' loaded for size
(Font)              <10.95> on input line 4.
pdfTeX warning (ext4): destination with the same identifier (name{page.1}) has 
been already used, duplicate ignored
<to be read again> 
                   \relax 
l.38 ...{1.6.4}Constructors}{15}{subsection.1.6.4}
                                                  % [1

] [2] [3] [4])
\tf@toc=\write4
\openout4 = `javadoc.toc'.

 [5]
LaTeX Font Info:    External font `cmex10' loaded for size
(Font)              <5> on input line 55.

[6

]
Underfull \hbox (badness 10000) in paragraph at lines 89--93

 []

[7]
Chapter 1.

Overfull \hbox (17.0pt too wide) in paragraph at lines 99--107
[][]
 []

[8

]
Underfull \hbox (badness 10000) in paragraph at lines 131--132

 []


Underfull \hbox (badness 10000) in paragraph at lines 142--143

 []

[9]
Underfull \hbox (badness 10000) in paragraph at lines 213--214

 []


Underfull \hbox (badness 10000) in paragraph at lines 237--238

 []


Underfull \hbox (badness 10000) in paragraph at lines 259--260

 []


Underfull \hbox (badness 10000) in paragraph at lines 275--276

 []

[10]
Underfull \hbox (badness 10000) in paragraph at lines 347--348

 []

[11]
Underfull \hbox (badness 10000) in paragraph at lines 373--374

 []


Underfull \hbox (badness 10000) in paragraph at lines 384--385

 []


Underfull \hbox (badness 10000) in paragraph at lines 395--396

 []


Underfull \hbox (badness 10000) in paragraph at lines 406--407

 []


Underfull \hbox (badness 10000) in paragraph at lines 417--418

 []

[12]
Underfull \hbox (badness 3068) in paragraph at lines 447--447
[][][]\OT1/cmr/bx/n/10.95 getFlightpathString()[][] \OT1/cmr/m/n/10.95 Gets a f
light-path String of the fol-low-ing for-mat:
 []


Underfull \hbox (badness 10000) in paragraph at lines 447--447
\OT1/cmr/m/n/10.95 1,[startLng],[startLat],[angle],[endLng],[endLat],[sensor w3
w or null]\n
 []


Underfull \hbox (badness 10000) in paragraph at lines 489--490

 []

[13]
Underfull \hbox (badness 10000) in paragraph at lines 514--515

 []


Underfull \hbox (badness 10000) in paragraph at lines 530--531

 []


Underfull \hbox (badness 10000) in paragraph at lines 546--547

 []


Underfull \hbox (badness 10000) in paragraph at lines 553--555
[]\OT1/cmr/m/n/10.95 Gets a flight-path String of the fol-low-ing for-mat:
 []


Underfull \hbox (badness 10000) in paragraph at lines 553--555
\OT1/cmr/m/n/10.95 1,[startLng],[startLat],[angle],[endLng],[endLat],[sensor w3
w or null]\n
 []


Underfull \hbox (badness 10000) in paragraph at lines 562--563

 []

[14]
Underfull \hbox (badness 10000) in paragraph at lines 578--579

 []


Underfull \hbox (badness 10000) in paragraph at lines 598--599

 []

[15]
Underfull \hbox (badness 10000) in paragraph at lines 669--670

 []


Underfull \hbox (badness 10000) in paragraph at lines 698--699

 []


Underfull \hbox (badness 10000) in paragraph at lines 709--710

 []


Underfull \hbox (badness 10000) in paragraph at lines 720--721

 []

[16]
Underfull \hbox (badness 10000) in paragraph at lines 758--759

 []


Underfull \hbox (badness 10000) in paragraph at lines 769--770

 []

[17]
Underfull \hbox (badness 10000) in paragraph at lines 794--795

 []


Underfull \hbox (badness 10000) in paragraph at lines 821--822

 []


Underfull \hbox (badness 10000) in paragraph at lines 844--845

 []


Underfull \hbox (badness 10000) in paragraph at lines 867--868

 []

[18] [19]
LaTeX Font Info:    External font `cmex10' loaded for size
(Font)              <7> on input line 937.

Underfull \hbox (badness 10000) in paragraph at lines 982--983

 []


Underfull \hbox (badness 10000) in paragraph at lines 1002--1003

 []


Underfull \hbox (badness 10000) in paragraph at lines 1013--1014

 []

[20]
Underfull \hbox (badness 10000) in paragraph at lines 1024--1025

 []


Underfull \hbox (badness 10000) in paragraph at lines 1035--1036

 []


Underfull \hbox (badness 10000) in paragraph at lines 1046--1047

 []


Underfull \hbox (badness 10000) in paragraph at lines 1057--1058

 []


Underfull \hbox (badness 10000) in paragraph at lines 1068--1069

 []

[21]
Underfull \hbox (badness 10000) in paragraph at lines 1127--1128

 []


Underfull \hbox (badness 10000) in paragraph at lines 1149--1150

 []


Underfull \hbox (badness 10000) in paragraph at lines 1160--1161

 []

[22] [23]
Chapter 2.

Overfull \hbox (17.0pt too wide) in paragraph at lines 1179--1186
[][]
 []

[24

]
LaTeX Font Info:    Trying to load font information for OMS+cmr on input line 1
205.
 (C:\Users\Adam\AppData\Local\Programs\MiKTeX\tex/latex/base\omscmr.fd
File: omscmr.fd 2019/12/16 v2.5j Standard LaTeX font definitions
)
LaTeX Font Info:    Font shape `OMS/cmr/m/n' in size <10.95> not available
(Font)              Font shape `OMS/cmsy/m/n' tried instead on input line 1205.


[25]
Underfull \hbox (badness 10000) in paragraph at lines 1289--1290

 []


Underfull \hbox (badness 10000) in paragraph at lines 1320--1321

 []

[26]
Underfull \hbox (badness 10000) in paragraph at lines 1346--1347

 []


Underfull \hbox (badness 10000) in paragraph at lines 1369--1370

 []


Underfull \hbox (badness 10000) in paragraph at lines 1392--1393

 []

[27]
Underfull \hbox (badness 10000) in paragraph at lines 1415--1416

 []


Underfull \hbox (badness 10000) in paragraph at lines 1424--1425
[]\OT1/cmtt/m/n/10 double change = dist[ci][cj] + dist[ci1][cj1] - dist[ci][ci1
] -
 []


Underfull \hbox (badness 10000) in paragraph at lines 1448--1449

 []

[28]
Underfull \hbox (badness 10000) in paragraph at lines 1473--1474

 []


Underfull \hbox (badness 10000) in paragraph at lines 1495--1496

 []


Underfull \hbox (badness 10000) in paragraph at lines 1520--1521

 []

[29]
Underfull \hbox (badness 10000) in paragraph at lines 1620--1622
[]\OT1/cmtt/m/n/10 protected GraphPath \OT1/cmr/bx/n/10 closed-Ver-texList-To-T
our\OT1/cmtt/m/n/10 (java.util.List \OT1/cmr/bx/n/10 arg0\OT1/cmtt/m/n/10 ,
 []


Underfull \hbox (badness 10000) in paragraph at lines 1638--1640
[]\OT1/cmtt/m/n/10 protected GraphPath \OT1/cmr/bx/n/10 ver-texList-To-Tour\OT1
/cmtt/m/n/10 (java.util.List \OT1/cmr/bx/n/10 arg0\OT1/cmtt/m/n/10 , org.jgraph
t.Graph
 []

[30]
Underfull \hbox (badness 10000) in paragraph at lines 1702--1703

 []


Underfull \hbox (badness 10000) in paragraph at lines 1731--1732

 []


Underfull \hbox (badness 10000) in paragraph at lines 1744--1745

 []

[31]
Underfull \hbox (badness 10000) in paragraph at lines 1801--1802

 []

[32]
Underfull \hbox (badness 10000) in paragraph at lines 1828--1829

 []


Underfull \hbox (badness 10000) in paragraph at lines 1839--1840

 []

[33]
Underfull \hbox (badness 10000) in paragraph at lines 1896--1897

 []


Underfull \hbox (badness 10000) in paragraph at lines 1918--1919

 []


Underfull \hbox (badness 10000) in paragraph at lines 1924--1925

 []


Underfull \hbox (badness 10000) in paragraph at lines 1940--1941

 []


Underfull \hbox (badness 10000) in paragraph at lines 1946--1947

 []

[34]
Underfull \hbox (badness 10000) in paragraph at lines 1964--1965
[][][]\OT1/cmr/bx/n/10.95 CORNER[]CUT[]RADIUS[]FRACTION[][] \OT1/cmr/m/n/10.95 
See [][]\OT1/cmtt/m/n/10 cutCorner(Coords, Coords,
 []

[35]
Underfull \hbox (badness 10000) in paragraph at lines 2061--2062
[]\OT1/cmtt/m/n/10.95 private final java.util.concurrent.atomic.AtomicInteger \
OT1/cmr/bx/n/10.95 atom-ic-Seed-
 []

[36]
Underfull \hbox (badness 10000) in paragraph at lines 2109--2110

 []


Underfull \hbox (badness 10000) in paragraph at lines 2140--2141

 []

[37]
Underfull \hbox (badness 10000) in paragraph at lines 2163--2164

 []


Underfull \hbox (badness 10000) in paragraph at lines 2186--2187

 []


Underfull \hbox (badness 10000) in paragraph at lines 2209--2210

 []

[38]
Underfull \hbox (badness 10000) in paragraph at lines 2235--2236

 []

[39]
Underfull \hbox (badness 10000) in paragraph at lines 2286--2287

 []


Underfull \hbox (badness 10000) in paragraph at lines 2315--2316

 []

[40]
Underfull \hbox (badness 10000) in paragraph at lines 2398--2400
[]\OT1/cmtt/m/n/10 public boolean \OT1/cmr/bx/n/10 addEdge\OT1/cmtt/m/n/10 (jav
a.lang.Object \OT1/cmr/bx/n/10 arg0\OT1/cmtt/m/n/10 , java.lang.Object \OT1/cmr
/bx/n/10 arg1\OT1/cmtt/m/n/10 ,
 []


Overfull \hbox (177.3867pt too wide) in paragraph at lines 2490--2492
[]\OT1/cmtt/m/n/10 private static final \OT1/cmr/bx/n/10 IN-VALID[]VERTEX[]SUPP
LIER[]DOES[]NOT[]RETURN[]UNIQUE[]VERTICES[]ON[]EACH[]CALL 
 []

[41]
Underfull \hbox (badness 10000) in paragraph at lines 2608--2610
[]\OT1/cmtt/m/n/10 protected String \OT1/cmr/bx/n/10 toStringFrom-Sets\OT1/cmtt
/m/n/10 (java.util.Collection \OT1/cmr/bx/n/10 arg0\OT1/cmtt/m/n/10 ,
 []

[42]
Underfull \hbox (badness 10000) in paragraph at lines 2742--2743

 []

[43]
Underfull \hbox (badness 10000) in paragraph at lines 2762--2763

 []


Underfull \hbox (badness 10000) in paragraph at lines 2785--2786

 []


Underfull \hbox (badness 10000) in paragraph at lines 2812--2813

 []

[44]
Underfull \hbox (badness 10000) in paragraph at lines 2839--2840

 []

[45]
Chapter 3.

Overfull \hbox (17.0pt too wide) in paragraph at lines 2872--2874
[][]
 []

[46

]
Underfull \hbox (badness 10000) in paragraph at lines 2905--2906

 []


Underfull \hbox (badness 10000) in paragraph at lines 2927--2928

 []


Underfull \hbox (badness 10000) in paragraph at lines 2952--2953

 []


Underfull \hbox (badness 10000) in paragraph at lines 2975--2976

 []

[47]
Underfull \hbox (badness 10000) in paragraph at lines 2998--2999

 []


Underfull \hbox (badness 10000) in paragraph at lines 3025--3026

 []


Underfull \hbox (badness 10000) in paragraph at lines 3050--3051

 []

[48]
Underfull \hbox (badness 10000) in paragraph at lines 3075--3076

 []


Underfull \hbox (badness 10000) in paragraph at lines 3100--3101

 []


Underfull \hbox (badness 10000) in paragraph at lines 3169--3171
[]\OT1/cmtt/m/n/10 public static double \OT1/cmr/bx/n/10 dis-tance\OT1/cmtt/m/n
/10 (double \OT1/cmr/bx/n/10 arg0\OT1/cmtt/m/n/10 , double \OT1/cmr/bx/n/10 arg
1\OT1/cmtt/m/n/10 , double \OT1/cmr/bx/n/10 arg2\OT1/cmtt/m/n/10 , double
 []


Underfull \hbox (badness 10000) in paragraph at lines 3185--3187
[]\OT1/cmtt/m/n/10 public static double \OT1/cmr/bx/n/10 dis-tanceSq\OT1/cmtt/m
/n/10 (double \OT1/cmr/bx/n/10 arg0\OT1/cmtt/m/n/10 , double \OT1/cmr/bx/n/10 a
rg1\OT1/cmtt/m/n/10 , double \OT1/cmr/bx/n/10 arg2\OT1/cmtt/m/n/10 , double
 []

[49] [50]
Underfull \hbox (badness 1231) in paragraph at lines 3262--3264
[]\OT1/cmr/m/n/10.95 The mar-gin to use when gen-er-at-ing a poly-gon which out
-lines an-other, see
 []


Underfull \hbox (badness 10000) in paragraph at lines 3309--3310

 []


Underfull \hbox (badness 10000) in paragraph at lines 3334--3335

 []

[51]
Underfull \hbox (badness 10000) in paragraph at lines 3357--3358

 []


Underfull \hbox (badness 10000) in paragraph at lines 3380--3381

 []


Underfull \hbox (badness 10000) in paragraph at lines 3396--3397

 []


Underfull \hbox (badness 10000) in paragraph at lines 3412--3413

 []

[52]
Underfull \hbox (badness 10000) in paragraph at lines 3428--3429

 []


Underfull \hbox (badness 10000) in paragraph at lines 3444--3445

 []


Underfull \hbox (badness 10000) in paragraph at lines 3455--3456

 []


Underfull \hbox (badness 10000) in paragraph at lines 3471--3472

 []

[53]
Chapter 4.

Overfull \hbox (17.0pt too wide) in paragraph at lines 3504--3507
[][]
 []


Overfull \hbox (17.0pt too wide) in paragraph at lines 3509--3512
[][]
 []

[54

]
Underfull \hbox (badness 10000) in paragraph at lines 3535--3536

 []


Underfull \hbox (badness 10000) in paragraph at lines 3551--3552

 []


Underfull \hbox (badness 10000) in paragraph at lines 3567--3568

 []

[55]
Underfull \hbox (badness 10000) in paragraph at lines 3611--3612

 []


Underfull \hbox (badness 10000) in paragraph at lines 3631--3632

 []

[56]
Underfull \hbox (badness 10000) in paragraph at lines 3671--3672

 []

[57]
Underfull \hbox (badness 10000) in paragraph at lines 3732--3733

 []


Underfull \hbox (badness 10000) in paragraph at lines 3752--3753

 []


Underfull \hbox (badness 10000) in paragraph at lines 3772--3773

 []

[58] [59]
Underfull \hbox (badness 10000) in paragraph at lines 3870--3871

 []


Underfull \hbox (badness 10000) in paragraph at lines 3898--3899

 []


Underfull \hbox (badness 10000) in paragraph at lines 3923--3924

 []


Underfull \hbox (badness 10000) in paragraph at lines 3946--3947

 []

[60]
Underfull \hbox (badness 10000) in paragraph at lines 3962--3963

 []


Underfull \hbox (badness 10000) in paragraph at lines 3978--3979

 []


Underfull \hbox (badness 10000) in paragraph at lines 4002--4003

 []

[61]
Underfull \hbox (badness 10000) in paragraph at lines 4062--4063

 []


Underfull \hbox (badness 10000) in paragraph at lines 4073--4074

 []

[62]
Chapter 5.

Overfull \hbox (17.0pt too wide) in paragraph at lines 4104--4108
[][]
 []

[63

]
Underfull \hbox (badness 10000) in paragraph at lines 4152--4153

 []


Underfull \hbox (badness 10000) in paragraph at lines 4163--4164

 []

[64]
Underfull \hbox (badness 10000) in paragraph at lines 4225--4226

 []


Underfull \hbox (badness 10000) in paragraph at lines 4236--4237

 []


Underfull \hbox (badness 10000) in paragraph at lines 4247--4248

 []


Underfull \hbox (badness 10000) in paragraph at lines 4258--4259

 []

[65]
Underfull \hbox (badness 10000) in paragraph at lines 4313--4314

 []


Underfull \hbox (badness 10000) in paragraph at lines 4324--4325

 []

[66]
Chapter 6.

Overfull \hbox (17.0pt too wide) in paragraph at lines 4343--4346
[][]
 []


Underfull \hbox (badness 10000) in paragraph at lines 4370--4371

 []

[67

]
Underfull \hbox (badness 10000) in paragraph at lines 4397--4398

 []

[68]
Underfull \hbox (badness 10000) in paragraph at lines 4479--4481
[]\OT1/cmtt/m/n/10 public boolean \OT1/cmr/bx/n/10 addEdge\OT1/cmtt/m/n/10 (jav
a.lang.Object \OT1/cmr/bx/n/10 arg0\OT1/cmtt/m/n/10 , java.lang.Object \OT1/cmr
/bx/n/10 arg1\OT1/cmtt/m/n/10 ,
 []


Overfull \hbox (177.3867pt too wide) in paragraph at lines 4571--4573
[]\OT1/cmtt/m/n/10 private static final \OT1/cmr/bx/n/10 IN-VALID[]VERTEX[]SUPP
LIER[]DOES[]NOT[]RETURN[]UNIQUE[]VERTICES[]ON[]EACH[]CALL 
 []


Underfull \hbox (badness 10000) in paragraph at lines 4689--4691
[]\OT1/cmtt/m/n/10 protected String \OT1/cmr/bx/n/10 toStringFrom-Sets\OT1/cmtt
/m/n/10 (java.util.Collection \OT1/cmr/bx/n/10 arg0\OT1/cmtt/m/n/10 ,
 []

[69] [70]
Underfull \hbox (badness 10000) in paragraph at lines 4743--4744

 []


Underfull \hbox (badness 10000) in paragraph at lines 4770--4771

 []


Underfull \hbox (badness 10000) in paragraph at lines 4792--4793

 []

[71]
Underfull \hbox (badness 10000) in paragraph at lines 4817--4818

 []


Underfull \hbox (badness 10000) in paragraph at lines 4842--4843

 []

[72]
Underfull \hbox (badness 10000) in paragraph at lines 4910--4911
[]\OT1/cmtt/m/n/10.95 public static final uk.ac.ed.inf.aqmaps.geometry.Coords \
OT1/cmr/bx/n/10.95 BOT-
 []


Underfull \hbox (badness 10000) in paragraph at lines 4941--4942

 []

[73]
Underfull \hbox (badness 10000) in paragraph at lines 4966--4967

 []


Underfull \hbox (badness 10000) in paragraph at lines 4982--4983

 []


Underfull \hbox (badness 10000) in paragraph at lines 5005--5006

 []

[74]
Underfull \hbox (badness 10000) in paragraph at lines 5030--5031

 []

Package atveryend Info: Empty hook `BeforeClearDocument' on input line 5055.
[75]
Package atveryend Info: Empty hook `AfterLastShipout' on input line 5055.
 (javadoc.aux)
Package atveryend Info: Executing hook `AtVeryEndDocument' on input line 5055.
Package atveryend Info: Executing hook `AtEndAfterFileList' on input line 5055.



Package rerunfilecheck Warning: File `javadoc.out' has changed.
(rerunfilecheck)                Rerun to get outlines right
(rerunfilecheck)                or use package `bookmark'.

Package rerunfilecheck Info: Checksums for `javadoc.out':
(rerunfilecheck)             Before: 7E34B18B25502BAB21C732FEDEB99173;13373
(rerunfilecheck)             After:  7BA28EEE00670DE21E1A2390ABB4A153;16118.

LaTeX Warning: Label(s) may have changed. Rerun to get cross-references right.

Package atveryend Info: Empty hook `AtVeryVeryEnd' on input line 5055.
 )
(\end occurred inside a group at level 41)

### simple group (level 41) entered at line 4694 ({)
### simple group (level 40) entered at line 4463 ({)
### simple group (level 39) entered at line 4443 ({)
### simple group (level 38) entered at line 4423 ({)
### simple group (level 37) entered at line 4351 ({)
### simple group (level 36) entered at line 4348 ({)
### simple group (level 35) entered at line 4337 ({)
### simple group (level 34) entered at line 4175 ({)
### simple group (level 33) entered at line 4110 ({)
### simple group (level 32) entered at line 4098 ({)
### simple group (level 31) entered at line 3793 ({)
### simple group (level 30) entered at line 3695 ({)
### simple group (level 29) entered at line 3652 ({)
### simple group (level 28) entered at line 3591 ({)
### simple group (level 27) entered at line 3514 ({)
### simple group (level 26) entered at line 3498 ({)
### simple group (level 25) entered at line 3113 ({)
### simple group (level 24) entered at line 2879 ({)
### simple group (level 23) entered at line 2876 ({)
### simple group (level 22) entered at line 2866 ({)
### simple group (level 21) entered at line 2382 ({)
### simple group (level 20) entered at line 2362 ({)
### simple group (level 19) entered at line 2342 ({)
### simple group (level 18) entered at line 2267 ({)
### simple group (level 17) entered at line 2264 ({)
### simple group (level 16) entered at line 1953 ({)
### simple group (level 15) entered at line 1851 ({)
### simple group (level 14) entered at line 1758 ({)
### simple group (level 13) entered at line 1643 ({)
### simple group (level 12) entered at line 1545 ({)
### simple group (level 11) entered at line 1206 ({)
### simple group (level 10) entered at line 1188 ({)
### simple group (level 9) entered at line 1173 ({)
### simple group (level 8) entered at line 893 ({)
### simple group (level 7) entered at line 732 ({)
### simple group (level 6) entered at line 619 ({)
### simple group (level 5) entered at line 424 ({)
### simple group (level 4) entered at line 289 ({)
### simple group (level 3) entered at line 163 ({)
### simple group (level 2) entered at line 109 ({)
### simple group (level 1) entered at line 93 ({)
### bottom level 
Here is how much of TeX's memory you used:
 8513 strings out of 480790
 146311 string characters out of 2897770
 494368 words of memory out of 3000000
 23504 multiletter control sequences out of 15000+200000
 540740 words of font info for 52 fonts, out of 3000000 for 9000
 1141 hyphenation exceptions out of 8191
 37i,6n,40p,665b,3099s stack positions out of 5000i,500n,10000p,200000b,50000s
 <C:\Users\Adam\AppData\Local\MiKTeX\fonts/pk/ljfour/jknappen/e
c/dpi600\tcrm1000.pk> <C:\Users\Adam\AppData\Local\MiKTeX\fonts/pk/ljfour/jknap
pen/ec/dpi600\tcrm1095.pk><C:/Users/Adam/AppData/Local/Programs/MiKTeX/fonts/ty
pe1/public/amsfonts/cm/cmbx10.pfb><C:/Users/Adam/AppData/Local/Programs/MiKTeX/
fonts/type1/public/amsfonts/cm/cmbx12.pfb><C:/Users/Adam/AppData/Local/Programs
/MiKTeX/fonts/type1/public/amsfonts/cm/cmr10.pfb><C:/Users/Adam/AppData/Local/P
rograms/MiKTeX/fonts/type1/public/amsfonts/cm/cmr12.pfb><C:/Users/Adam/AppData/
Local/Programs/MiKTeX/fonts/type1/public/amsfonts/cm/cmr17.pfb><C:/Users/Adam/A
ppData/Local/Programs/MiKTeX/fonts/type1/public/amsfonts/cm/cmr6.pfb><C:/Users/
Adam/AppData/Local/Programs/MiKTeX/fonts/type1/public/amsfonts/cm/cmsl10.pfb><C
:/Users/Adam/AppData/Local/Programs/MiKTeX/fonts/type1/public/amsfonts/cm/cmsy1
0.pfb><C:/Users/Adam/AppData/Local/Programs/MiKTeX/fonts/type1/public/amsfonts/
cm/cmti10.pfb><C:/Users/Adam/AppData/Local/Programs/MiKTeX/fonts/type1/public/a
msfonts/cm/cmtt10.pfb>
Output written on javadoc.pdf (76 pages, 598097 bytes).
PDF statistics:
 2530 PDF objects out of 2984 (max. 8388607)
 910 named destinations out of 1000 (max. 500000)
 1545 words of extra memory for PDF output out of 10000 (max. 10000000)

